2025-11-16 12:10:30,220 - __main__ - ERROR - ❌ Ошибка запуска: name 'ProFitnessBot' is not defined
2025-11-16 12:11:25,211 - __main__ - ERROR - ❌ Ошибка запуска: name 'ProFitnessBot' is not defined
2025-11-16 12:15:32,342 - apscheduler.scheduler - INFO - Adding job tentatively -- it will be properly scheduled when the scheduler starts
2025-11-16 12:15:32,342 - __main__ - INFO - 🚀 PRO Fitness Bot запускается...
2025-11-16 12:15:32,609 - httpx - INFO - HTTP Request: POST https://api.telegram.org/bot8482672276:AAGrRCLBwsC6qJCXIozP0GESRyeKGKoCMzk/getMe "HTTP/1.1 200 OK"
2025-11-16 12:15:32,696 - httpx - INFO - HTTP Request: POST https://api.telegram.org/bot8482672276:AAGrRCLBwsC6qJCXIozP0GESRyeKGKoCMzk/deleteWebhook "HTTP/1.1 200 OK"
2025-11-16 12:15:32,698 - apscheduler.scheduler - INFO - Added job "send_reminders" to job store "default"
2025-11-16 12:15:32,698 - apscheduler.scheduler - INFO - Scheduler started
2025-11-16 12:15:32,698 - telegram.ext.Application - INFO - Application started
2025-11-16 12:15:42,351 - apscheduler.executors.default - INFO - Running job "send_reminders (trigger: interval[1:00:00], next run at: 2025-11-16 13:15:42 UTC)" (scheduled at 2025-11-16 12:15:42.340490+00:00)
2025-11-16 12:15:42,351 - __main__ - INFO - 🔔 Проверка напоминаний...
2025-11-16 12:15:42,351 - apscheduler.executors.default - INFO - Job "send_reminders (trigger: interval[1:00:00], next run at: 2025-11-16 13:15:42 UTC)" executed successfully
2025-11-16 12:15:42,961 - httpx - INFO - HTTP Request: POST https://api.telegram.org/bot8482672276:AAGrRCLBwsC6qJCXIozP0GESRyeKGKoCMzk/getUpdates "HTTP/1.1 200 OK"
2025-11-16 12:15:53,051 - httpx - INFO - HTTP Request: POST https://api.telegram.org/bot8482672276:AAGrRCLBwsC6qJCXIozP0GESRyeKGKoCMzk/getUpdates "HTTP/1.1 200 OK"
2025-11-16 12:16:03,139 - httpx - INFO - HTTP Request: POST https://api.telegram.org/bot8482672276:AAGrRCLBwsC6qJCXIozP0GESRyeKGKoCMzk/getUpdates "HTTP/1.1 200 OK"
2025-11-16 12:16:13,236 - httpx - INFO - HTTP Request: POST https://api.telegram.org/bot8482672276:AAGrRCLBwsC6qJCXIozP0GESRyeKGKoCMzk/getUpdates "HTTP/1.1 200 OK"
2025-11-16 12:16:23,323 - httpx - INFO - HTTP Request: POST https://api.telegram.org/bot8482672276:AAGrRCLBwsC6qJCXIozP0GESRyeKGKoCMzk/getUpdates "HTTP/1.1 200 OK"
2025-11-16 12:16:33,415 - httpx - INFO - HTTP Request: POST https://api.telegram.org/bot8482672276:AAGrRCLBwsC6qJCXIozP0GESRyeKGKoCMzk/getUpdates "HTTP/1.1 200 OK"
2025-11-16 12:16:43,504 - httpx - INFO - HTTP Request: POST https://api.telegram.org/bot8482672276:AAGrRCLBwsC6qJCXIozP0GESRyeKGKoCMzk/getUpdates "HTTP/1.1 200 OK"
2025-11-16 12:16:53,592 - httpx - INFO - HTTP Request: POST https://api.telegram.org/bot8482672276:AAGrRCLBwsC6qJCXIozP0GESRyeKGKoCMzk/getUpdates "HTTP/1.1 200 OK"
2025-11-16 12:17:00,221 - httpx - INFO - HTTP Request: POST https://api.telegram.org/bot8482672276:AAGrRCLBwsC6qJCXIozP0GESRyeKGKoCMzk/getUpdates "HTTP/1.1 200 OK"
2025-11-16 12:17:00,541 - httpx - INFO - HTTP Request: POST https://api.telegram.org/bot8482672276:AAGrRCLBwsC6qJCXIozP0GESRyeKGKoCMzk/sendMessage "HTTP/1.1 200 OK"
2025-11-16 12:17:00,545 - apscheduler.scheduler - INFO - Added job "followup_5537549230" to job store "default"
2025-11-16 12:17:10,343 - httpx - INFO - HTTP Request: POST https://api.telegram.org/bot8482672276:AAGrRCLBwsC6qJCXIozP0GESRyeKGKoCMzk/getUpdates "HTTP/1.1 200 OK"
2025-11-16 12:17:12,989 - httpx - INFO - HTTP Request: POST https://api.telegram.org/bot8482672276:AAGrRCLBwsC6qJCXIozP0GESRyeKGKoCMzk/getUpdates "HTTP/1.1 200 OK"
2025-11-16 12:17:13,336 - httpx - INFO - HTTP Request: POST https://api.telegram.org/bot8482672276:AAGrRCLBwsC6qJCXIozP0GESRyeKGKoCMzk/answerCallbackQuery "HTTP/1.1 200 OK"
2025-11-16 12:17:13,516 - httpx - INFO - HTTP Request: POST https://api.telegram.org/bot8482672276:AAGrRCLBwsC6qJCXIozP0GESRyeKGKoCMzk/editMessageText "HTTP/1.1 200 OK"
2025-11-16 12:17:23,080 - httpx - INFO - HTTP Request: POST https://api.telegram.org/bot8482672276:AAGrRCLBwsC6qJCXIozP0GESRyeKGKoCMzk/getUpdates "HTTP/1.1 200 OK"
2025-11-16 12:17:29,629 - httpx - INFO - HTTP Request: POST https://api.telegram.org/bot8482672276:AAGrRCLBwsC6qJCXIozP0GESRyeKGKoCMzk/getUpdates "HTTP/1.1 200 OK"
2025-11-16 12:17:29,914 - httpx - INFO - HTTP Request: POST https://api.telegram.org/bot8482672276:AAGrRCLBwsC6qJCXIozP0GESRyeKGKoCMzk/sendMessage "HTTP/1.1 200 OK"
2025-11-16 12:17:29,918 - telegram.ext.Application - ERROR - No error handlers are registered, logging exception.
Traceback (most recent call last):
  File "/home/Behoneste/.local/lib/python3.13/site-packages/telegram/ext/_application.py", line 1315, in process_update
    await coroutine
  File "/home/Behoneste/.local/lib/python3.13/site-packages/telegram/ext/_handlers/basehandler.py", line 159, in handle_update
    return await self.callback(update, context)
           ^^^^^^^^^^^^^^^^^^^^^^^^^^^^^^^^^^^^
  File "/home/Behoneste/FitFriends_bot/bot.py", line 266, in handle_ai_chat
    history = json.loads(user_data[14])
              ^^^^
NameError: name 'json' is not defined. Did you forget to import 'json'?
2025-11-16 12:17:39,728 - httpx - INFO - HTTP Request: POST https://api.telegram.org/bot8482672276:AAGrRCLBwsC6qJCXIozP0GESRyeKGKoCMzk/getUpdates "HTTP/1.1 200 OK"
2025-11-16 12:17:49,817 - httpx - INFO - HTTP Request: POST https://api.telegram.org/bot8482672276:AAGrRCLBwsC6qJCXIozP0GESRyeKGKoCMzk/getUpdates "HTTP/1.1 200 OK"
2025-11-16 12:17:59,909 - httpx - INFO - HTTP Request: POST https://api.telegram.org/bot8482672276:AAGrRCLBwsC6qJCXIozP0GESRyeKGKoCMzk/getUpdates "HTTP/1.1 200 OK"
2025-11-16 12:18:00,543 - apscheduler.scheduler - INFO - Removed job 9084ff7b172848c8a9b51f958a29b863
2025-11-16 12:18:00,544 - apscheduler.executors.default - INFO - Running job "followup_5537549230 (trigger: date[2025-11-16 12:18:00 UTC], next run at: 2025-11-16 12:18:00 UTC)" (scheduled at 2025-11-16 12:18:00.542405+00:00)
2025-11-16 12:18:00,825 - httpx - INFO - HTTP Request: POST https://api.telegram.org/bot8482672276:AAGrRCLBwsC6qJCXIozP0GESRyeKGKoCMzk/sendMessage "HTTP/1.1 200 OK"
2025-11-16 12:18:00,826 - apscheduler.executors.default - INFO - Job "followup_5537549230 (trigger: date[2025-11-16 12:18:00 UTC], next run at: 2025-11-16 12:18:00 UTC)" executed successfully
2025-11-16 12:18:09,997 - httpx - INFO - HTTP Request: POST https://api.telegram.org/bot8482672276:AAGrRCLBwsC6qJCXIozP0GESRyeKGKoCMzk/getUpdates "HTTP/1.1 200 OK"
2025-11-16 12:18:12,726 - httpx - INFO - HTTP Request: POST https://api.telegram.org/bot8482672276:AAGrRCLBwsC6qJCXIozP0GESRyeKGKoCMzk/getUpdates "HTTP/1.1 200 OK"
2025-11-16 12:18:13,033 - httpx - INFO - HTTP Request: POST https://api.telegram.org/bot8482672276:AAGrRCLBwsC6qJCXIozP0GESRyeKGKoCMzk/answerCallbackQuery "HTTP/1.1 200 OK"
2025-11-16 12:18:13,159 - httpx - INFO - HTTP Request: POST https://api.telegram.org/bot8482672276:AAGrRCLBwsC6qJCXIozP0GESRyeKGKoCMzk/editMessageText "HTTP/1.1 200 OK"
2025-11-16 12:18:22,817 - httpx - INFO - HTTP Request: POST https://api.telegram.org/bot8482672276:AAGrRCLBwsC6qJCXIozP0GESRyeKGKoCMzk/getUpdates "HTTP/1.1 200 OK"
2025-11-16 12:18:29,184 - httpx - INFO - HTTP Request: POST https://api.telegram.org/bot8482672276:AAGrRCLBwsC6qJCXIozP0GESRyeKGKoCMzk/getUpdates "HTTP/1.1 200 OK"
2025-11-16 12:18:29,523 - httpx - INFO - HTTP Request: POST https://api.telegram.org/bot8482672276:AAGrRCLBwsC6qJCXIozP0GESRyeKGKoCMzk/sendMessage "HTTP/1.1 200 OK"
2025-11-16 12:18:29,529 - telegram.ext.Application - ERROR - No error handlers are registered, logging exception.
Traceback (most recent call last):
  File "/home/Behoneste/.local/lib/python3.13/site-packages/telegram/ext/_application.py", line 1315, in process_update
    await coroutine
  File "/home/Behoneste/.local/lib/python3.13/site-packages/telegram/ext/_handlers/basehandler.py", line 159, in handle_update
    return await self.callback(update, context)
           ^^^^^^^^^^^^^^^^^^^^^^^^^^^^^^^^^^^^
  File "/home/Behoneste/FitFriends_bot/bot.py", line 266, in handle_ai_chat
    history = json.loads(user_data[14])
              ^^^^
NameError: name 'json' is not defined. Did you forget to import 'json'?
2025-11-16 12:18:39,274 - httpx - INFO - HTTP Request: POST https://api.telegram.org/bot8482672276:AAGrRCLBwsC6qJCXIozP0GESRyeKGKoCMzk/getUpdates "HTTP/1.1 200 OK"
2025-11-16 12:18:49,364 - httpx - INFO - HTTP Request: POST https://api.telegram.org/bot8482672276:AAGrRCLBwsC6qJCXIozP0GESRyeKGKoCMzk/getUpdates "HTTP/1.1 200 OK"
2025-11-16 12:18:59,453 - httpx - INFO - HTTP Request: POST https://api.telegram.org/bot8482672276:AAGrRCLBwsC6qJCXIozP0GESRyeKGKoCMzk/getUpdates "HTTP/1.1 200 OK"
2025-11-16 12:19:09,541 - httpx - INFO - HTTP Request: POST https://api.telegram.org/bot8482672276:AAGrRCLBwsC6qJCXIozP0GESRyeKGKoCMzk/getUpdates "HTTP/1.1 200 OK"
2025-11-16 12:19:19,629 - httpx - INFO - HTTP Request: POST https://api.telegram.org/bot8482672276:AAGrRCLBwsC6qJCXIozP0GESRyeKGKoCMzk/getUpdates "HTTP/1.1 200 OK"
2025-11-16 12:19:27,931 - httpx - INFO - HTTP Request: POST https://api.telegram.org/bot8482672276:AAGrRCLBwsC6qJCXIozP0GESRyeKGKoCMzk/getUpdates "HTTP/1.1 200 OK"
2025-11-16 12:19:28,220 - httpx - INFO - HTTP Request: POST https://api.telegram.org/bot8482672276:AAGrRCLBwsC6qJCXIozP0GESRyeKGKoCMzk/sendMessage "HTTP/1.1 200 OK"
2025-11-16 12:19:28,226 - telegram.ext.Application - ERROR - No error handlers are registered, logging exception.
Traceback (most recent call last):
  File "/home/Behoneste/.local/lib/python3.13/site-packages/telegram/ext/_application.py", line 1315, in process_update
    await coroutine
  File "/home/Behoneste/.local/lib/python3.13/site-packages/telegram/ext/_handlers/basehandler.py", line 159, in handle_update
    return await self.callback(update, context)
           ^^^^^^^^^^^^^^^^^^^^^^^^^^^^^^^^^^^^
  File "/home/Behoneste/FitFriends_bot/bot.py", line 266, in handle_ai_chat
    history = json.loads(user_data[14])
              ^^^^
NameError: name 'json' is not defined. Did you forget to import 'json'?
2025-11-16 12:19:38,019 - httpx - INFO - HTTP Request: POST https://api.telegram.org/bot8482672276:AAGrRCLBwsC6qJCXIozP0GESRyeKGKoCMzk/getUpdates "HTTP/1.1 200 OK"
2025-11-16 12:19:48,108 - httpx - INFO - HTTP Request: POST https://api.telegram.org/bot8482672276:AAGrRCLBwsC6qJCXIozP0GESRyeKGKoCMzk/getUpdates "HTTP/1.1 200 OK"
2025-11-16 12:19:58,202 - httpx - INFO - HTTP Request: POST https://api.telegram.org/bot8482672276:AAGrRCLBwsC6qJCXIozP0GESRyeKGKoCMzk/getUpdates "HTTP/1.1 200 OK"
2025-11-16 12:20:08,290 - httpx - INFO - HTTP Request: POST https://api.telegram.org/bot8482672276:AAGrRCLBwsC6qJCXIozP0GESRyeKGKoCMzk/getUpdates "HTTP/1.1 200 OK"
2025-11-16 12:20:18,380 - httpx - INFO - HTTP Request: POST https://api.telegram.org/bot8482672276:AAGrRCLBwsC6qJCXIozP0GESRyeKGKoCMzk/getUpdates "HTTP/1.1 200 OK"
2025-11-16 12:20:28,473 - httpx - INFO - HTTP Request: POST https://api.telegram.org/bot8482672276:AAGrRCLBwsC6qJCXIozP0GESRyeKGKoCMzk/getUpdates "HTTP/1.1 200 OK"
2025-11-16 12:20:38,563 - httpx - INFO - HTTP Request: POST https://api.telegram.org/bot8482672276:AAGrRCLBwsC6qJCXIozP0GESRyeKGKoCMzk/getUpdates "HTTP/1.1 200 OK"
2025-11-16 12:20:48,653 - httpx - INFO - HTTP Request: POST https://api.telegram.org/bot8482672276:AAGrRCLBwsC6qJCXIozP0GESRyeKGKoCMzk/getUpdates "HTTP/1.1 200 OK"
2025-11-16 12:20:58,743 - httpx - INFO - HTTP Request: POST https://api.telegram.org/bot8482672276:AAGrRCLBwsC6qJCXIozP0GESRyeKGKoCMzk/getUpdates "HTTP/1.1 200 OK"
2025-11-16 12:21:08,838 - httpx - INFO - HTTP Request: POST https://api.telegram.org/bot8482672276:AAGrRCLBwsC6qJCXIozP0GESRyeKGKoCMzk/getUpdates "HTTP/1.1 200 OK"
2025-11-16 12:21:18,932 - httpx - INFO - HTTP Request: POST https://api.telegram.org/bot8482672276:AAGrRCLBwsC6qJCXIozP0GESRyeKGKoCMzk/getUpdates "HTTP/1.1 200 OK"
2025-11-16 12:21:29,023 - httpx - INFO - HTTP Request: POST https://api.telegram.org/bot8482672276:AAGrRCLBwsC6qJCXIozP0GESRyeKGKoCMzk/getUpdates "HTTP/1.1 200 OK"
2025-11-16 12:21:39,112 - httpx - INFO - HTTP Request: POST https://api.telegram.org/bot8482672276:AAGrRCLBwsC6qJCXIozP0GESRyeKGKoCMzk/getUpdates "HTTP/1.1 200 OK"
2025-11-16 12:21:49,208 - httpx - INFO - HTTP Request: POST https://api.telegram.org/bot8482672276:AAGrRCLBwsC6qJCXIozP0GESRyeKGKoCMzk/getUpdates "HTTP/1.1 200 OK"
2025-11-16 12:21:59,301 - httpx - INFO - HTTP Request: POST https://api.telegram.org/bot8482672276:AAGrRCLBwsC6qJCXIozP0GESRyeKGKoCMzk/getUpdates "HTTP/1.1 200 OK"
2025-11-16 12:22:09,391 - httpx - INFO - HTTP Request: POST https://api.telegram.org/bot8482672276:AAGrRCLBwsC6qJCXIozP0GESRyeKGKoCMzk/getUpdates "HTTP/1.1 200 OK"
2025-11-16 12:22:19,479 - httpx - INFO - HTTP Request: POST https://api.telegram.org/bot8482672276:AAGrRCLBwsC6qJCXIozP0GESRyeKGKoCMzk/getUpdates "HTTP/1.1 200 OK"
2025-11-16 12:22:29,575 - httpx - INFO - HTTP Request: POST https://api.telegram.org/bot8482672276:AAGrRCLBwsC6qJCXIozP0GESRyeKGKoCMzk/getUpdates "HTTP/1.1 200 OK"
2025-11-16 12:22:39,671 - httpx - INFO - HTTP Request: POST https://api.telegram.org/bot8482672276:AAGrRCLBwsC6qJCXIozP0GESRyeKGKoCMzk/getUpdates "HTTP/1.1 200 OK"
2025-11-16 12:22:49,759 - httpx - INFO - HTTP Request: POST https://api.telegram.org/bot8482672276:AAGrRCLBwsC6qJCXIozP0GESRyeKGKoCMzk/getUpdates "HTTP/1.1 200 OK"
2025-11-16 12:22:59,849 - httpx - INFO - HTTP Request: POST https://api.telegram.org/bot8482672276:AAGrRCLBwsC6qJCXIozP0GESRyeKGKoCMzk/getUpdates "HTTP/1.1 200 OK"
2025-11-16 12:23:09,937 - httpx - INFO - HTTP Request: POST https://api.telegram.org/bot8482672276:AAGrRCLBwsC6qJCXIozP0GESRyeKGKoCMzk/getUpdates "HTTP/1.1 200 OK"
2025-11-16 12:23:20,024 - httpx - INFO - HTTP Request: POST https://api.telegram.org/bot8482672276:AAGrRCLBwsC6qJCXIozP0GESRyeKGKoCMzk/getUpdates "HTTP/1.1 200 OK"
2025-11-16 12:23:30,112 - httpx - INFO - HTTP Request: POST https://api.telegram.org/bot8482672276:AAGrRCLBwsC6qJCXIozP0GESRyeKGKoCMzk/getUpdates "HTTP/1.1 200 OK"
2025-11-16 12:23:40,206 - httpx - INFO - HTTP Request: POST https://api.telegram.org/bot8482672276:AAGrRCLBwsC6qJCXIozP0GESRyeKGKoCMzk/getUpdates "HTTP/1.1 200 OK"
2025-11-16 12:23:50,294 - httpx - INFO - HTTP Request: POST https://api.telegram.org/bot8482672276:AAGrRCLBwsC6qJCXIozP0GESRyeKGKoCMzk/getUpdates "HTTP/1.1 200 OK"
2025-11-16 12:24:00,381 - httpx - INFO - HTTP Request: POST https://api.telegram.org/bot8482672276:AAGrRCLBwsC6qJCXIozP0GESRyeKGKoCMzk/getUpdates "HTTP/1.1 200 OK"
2025-11-16 12:24:10,474 - httpx - INFO - HTTP Request: POST https://api.telegram.org/bot8482672276:AAGrRCLBwsC6qJCXIozP0GESRyeKGKoCMzk/getUpdates "HTTP/1.1 200 OK"
2025-11-16 12:24:20,566 - httpx - INFO - HTTP Request: POST https://api.telegram.org/bot8482672276:AAGrRCLBwsC6qJCXIozP0GESRyeKGKoCMzk/getUpdates "HTTP/1.1 200 OK"
2025-11-16 12:24:30,658 - httpx - INFO - HTTP Request: POST https://api.telegram.org/bot8482672276:AAGrRCLBwsC6qJCXIozP0GESRyeKGKoCMzk/getUpdates "HTTP/1.1 200 OK"
2025-11-16 12:24:40,745 - httpx - INFO - HTTP Request: POST https://api.telegram.org/bot8482672276:AAGrRCLBwsC6qJCXIozP0GESRyeKGKoCMzk/getUpdates "HTTP/1.1 200 OK"
2025-11-16 12:24:50,833 - httpx - INFO - HTTP Request: POST https://api.telegram.org/bot8482672276:AAGrRCLBwsC6qJCXIozP0GESRyeKGKoCMzk/getUpdates "HTTP/1.1 200 OK"
2025-11-16 12:25:00,924 - httpx - INFO - HTTP Request: POST https://api.telegram.org/bot8482672276:AAGrRCLBwsC6qJCXIozP0GESRyeKGKoCMzk/getUpdates "HTTP/1.1 200 OK"
2025-11-16 12:25:11,016 - httpx - INFO - HTTP Request: POST https://api.telegram.org/bot8482672276:AAGrRCLBwsC6qJCXIozP0GESRyeKGKoCMzk/getUpdates "HTTP/1.1 200 OK"
2025-11-16 12:25:21,107 - httpx - INFO - HTTP Request: POST https://api.telegram.org/bot8482672276:AAGrRCLBwsC6qJCXIozP0GESRyeKGKoCMzk/getUpdates "HTTP/1.1 200 OK"
2025-11-16 12:25:31,196 - httpx - INFO - HTTP Request: POST https://api.telegram.org/bot8482672276:AAGrRCLBwsC6qJCXIozP0GESRyeKGKoCMzk/getUpdates "HTTP/1.1 200 OK"
2025-11-16 12:25:41,293 - httpx - INFO - HTTP Request: POST https://api.telegram.org/bot8482672276:AAGrRCLBwsC6qJCXIozP0GESRyeKGKoCMzk/getUpdates "HTTP/1.1 200 OK"
2025-11-16 12:25:51,380 - httpx - INFO - HTTP Request: POST https://api.telegram.org/bot8482672276:AAGrRCLBwsC6qJCXIozP0GESRyeKGKoCMzk/getUpdates "HTTP/1.1 200 OK"
2025-11-16 12:26:01,471 - httpx - INFO - HTTP Request: POST https://api.telegram.org/bot8482672276:AAGrRCLBwsC6qJCXIozP0GESRyeKGKoCMzk/getUpdates "HTTP/1.1 200 OK"
2025-11-16 12:26:11,568 - httpx - INFO - HTTP Request: POST https://api.telegram.org/bot8482672276:AAGrRCLBwsC6qJCXIozP0GESRyeKGKoCMzk/getUpdates "HTTP/1.1 200 OK"
2025-11-16 12:26:21,656 - httpx - INFO - HTTP Request: POST https://api.telegram.org/bot8482672276:AAGrRCLBwsC6qJCXIozP0GESRyeKGKoCMzk/getUpdates "HTTP/1.1 200 OK"
2025-11-16 12:26:31,747 - httpx - INFO - HTTP Request: POST https://api.telegram.org/bot8482672276:AAGrRCLBwsC6qJCXIozP0GESRyeKGKoCMzk/getUpdates "HTTP/1.1 200 OK"
2025-11-16 12:26:41,838 - httpx - INFO - HTTP Request: POST https://api.telegram.org/bot8482672276:AAGrRCLBwsC6qJCXIozP0GESRyeKGKoCMzk/getUpdates "HTTP/1.1 200 OK"
2025-11-16 12:26:51,925 - httpx - INFO - HTTP Request: POST https://api.telegram.org/bot8482672276:AAGrRCLBwsC6qJCXIozP0GESRyeKGKoCMzk/getUpdates "HTTP/1.1 200 OK"
2025-11-16 12:27:02,018 - httpx - INFO - HTTP Request: POST https://api.telegram.org/bot8482672276:AAGrRCLBwsC6qJCXIozP0GESRyeKGKoCMzk/getUpdates "HTTP/1.1 200 OK"
2025-11-16 12:27:12,107 - httpx - INFO - HTTP Request: POST https://api.telegram.org/bot8482672276:AAGrRCLBwsC6qJCXIozP0GESRyeKGKoCMzk/getUpdates "HTTP/1.1 200 OK"
2025-11-16 12:27:22,197 - httpx - INFO - HTTP Request: POST https://api.telegram.org/bot8482672276:AAGrRCLBwsC6qJCXIozP0GESRyeKGKoCMzk/getUpdates "HTTP/1.1 200 OK"
2025-11-16 12:27:32,285 - httpx - INFO - HTTP Request: POST https://api.telegram.org/bot8482672276:AAGrRCLBwsC6qJCXIozP0GESRyeKGKoCMzk/getUpdates "HTTP/1.1 200 OK"
2025-11-16 12:27:42,378 - httpx - INFO - HTTP Request: POST https://api.telegram.org/bot8482672276:AAGrRCLBwsC6qJCXIozP0GESRyeKGKoCMzk/getUpdates "HTTP/1.1 200 OK"
2025-11-16 12:27:52,469 - httpx - INFO - HTTP Request: POST https://api.telegram.org/bot8482672276:AAGrRCLBwsC6qJCXIozP0GESRyeKGKoCMzk/getUpdates "HTTP/1.1 200 OK"
2025-11-16 12:28:02,556 - httpx - INFO - HTTP Request: POST https://api.telegram.org/bot8482672276:AAGrRCLBwsC6qJCXIozP0GESRyeKGKoCMzk/getUpdates "HTTP/1.1 200 OK"
2025-11-16 12:28:12,647 - httpx - INFO - HTTP Request: POST https://api.telegram.org/bot8482672276:AAGrRCLBwsC6qJCXIozP0GESRyeKGKoCMzk/getUpdates "HTTP/1.1 200 OK"
2025-11-16 12:28:22,734 - httpx - INFO - HTTP Request: POST https://api.telegram.org/bot8482672276:AAGrRCLBwsC6qJCXIozP0GESRyeKGKoCMzk/getUpdates "HTTP/1.1 200 OK"
2025-11-16 12:28:32,831 - httpx - INFO - HTTP Request: POST https://api.telegram.org/bot8482672276:AAGrRCLBwsC6qJCXIozP0GESRyeKGKoCMzk/getUpdates "HTTP/1.1 200 OK"
2025-11-16 12:28:42,919 - httpx - INFO - HTTP Request: POST https://api.telegram.org/bot8482672276:AAGrRCLBwsC6qJCXIozP0GESRyeKGKoCMzk/getUpdates "HTTP/1.1 200 OK"
2025-11-16 12:28:53,019 - httpx - INFO - HTTP Request: POST https://api.telegram.org/bot8482672276:AAGrRCLBwsC6qJCXIozP0GESRyeKGKoCMzk/getUpdates "HTTP/1.1 200 OK"
2025-11-16 12:29:03,108 - httpx - INFO - HTTP Request: POST https://api.telegram.org/bot8482672276:AAGrRCLBwsC6qJCXIozP0GESRyeKGKoCMzk/getUpdates "HTTP/1.1 200 OK"
2025-11-16 12:29:13,198 - httpx - INFO - HTTP Request: POST https://api.telegram.org/bot8482672276:AAGrRCLBwsC6qJCXIozP0GESRyeKGKoCMzk/getUpdates "HTTP/1.1 200 OK"
2025-11-16 12:29:23,285 - httpx - INFO - HTTP Request: POST https://api.telegram.org/bot8482672276:AAGrRCLBwsC6qJCXIozP0GESRyeKGKoCMzk/getUpdates "HTTP/1.1 200 OK"
2025-11-16 12:29:33,380 - httpx - INFO - HTTP Request: POST https://api.telegram.org/bot8482672276:AAGrRCLBwsC6qJCXIozP0GESRyeKGKoCMzk/getUpdates "HTTP/1.1 200 OK"
2025-11-16 12:29:43,469 - httpx - INFO - HTTP Request: POST https://api.telegram.org/bot8482672276:AAGrRCLBwsC6qJCXIozP0GESRyeKGKoCMzk/getUpdates "HTTP/1.1 200 OK"
2025-11-16 12:29:53,561 - httpx - INFO - HTTP Request: POST https://api.telegram.org/bot8482672276:AAGrRCLBwsC6qJCXIozP0GESRyeKGKoCMzk/getUpdates "HTTP/1.1 200 OK"
2025-11-16 12:30:03,654 - httpx - INFO - HTTP Request: POST https://api.telegram.org/bot8482672276:AAGrRCLBwsC6qJCXIozP0GESRyeKGKoCMzk/getUpdates "HTTP/1.1 200 OK"
2025-11-16 12:30:13,745 - httpx - INFO - HTTP Request: POST https://api.telegram.org/bot8482672276:AAGrRCLBwsC6qJCXIozP0GESRyeKGKoCMzk/getUpdates "HTTP/1.1 200 OK"
2025-11-16 12:30:23,834 - httpx - INFO - HTTP Request: POST https://api.telegram.org/bot8482672276:AAGrRCLBwsC6qJCXIozP0GESRyeKGKoCMzk/getUpdates "HTTP/1.1 200 OK"
2025-11-16 12:30:33,922 - httpx - INFO - HTTP Request: POST https://api.telegram.org/bot8482672276:AAGrRCLBwsC6qJCXIozP0GESRyeKGKoCMzk/getUpdates "HTTP/1.1 200 OK"
2025-11-16 12:30:44,014 - httpx - INFO - HTTP Request: POST https://api.telegram.org/bot8482672276:AAGrRCLBwsC6qJCXIozP0GESRyeKGKoCMzk/getUpdates "HTTP/1.1 200 OK"
2025-11-16 12:30:54,103 - httpx - INFO - HTTP Request: POST https://api.telegram.org/bot8482672276:AAGrRCLBwsC6qJCXIozP0GESRyeKGKoCMzk/getUpdates "HTTP/1.1 200 OK"
2025-11-16 12:31:04,191 - httpx - INFO - HTTP Request: POST https://api.telegram.org/bot8482672276:AAGrRCLBwsC6qJCXIozP0GESRyeKGKoCMzk/getUpdates "HTTP/1.1 200 OK"
2025-11-16 12:31:14,280 - httpx - INFO - HTTP Request: POST https://api.telegram.org/bot8482672276:AAGrRCLBwsC6qJCXIozP0GESRyeKGKoCMzk/getUpdates "HTTP/1.1 200 OK"
2025-11-16 12:31:24,369 - httpx - INFO - HTTP Request: POST https://api.telegram.org/bot8482672276:AAGrRCLBwsC6qJCXIozP0GESRyeKGKoCMzk/getUpdates "HTTP/1.1 200 OK"
2025-11-16 12:31:34,463 - httpx - INFO - HTTP Request: POST https://api.telegram.org/bot8482672276:AAGrRCLBwsC6qJCXIozP0GESRyeKGKoCMzk/getUpdates "HTTP/1.1 200 OK"
2025-11-16 12:31:44,550 - httpx - INFO - HTTP Request: POST https://api.telegram.org/bot8482672276:AAGrRCLBwsC6qJCXIozP0GESRyeKGKoCMzk/getUpdates "HTTP/1.1 200 OK"
2025-11-16 12:31:54,639 - httpx - INFO - HTTP Request: POST https://api.telegram.org/bot8482672276:AAGrRCLBwsC6qJCXIozP0GESRyeKGKoCMzk/getUpdates "HTTP/1.1 200 OK"
2025-11-16 12:32:04,892 - httpx - INFO - HTTP Request: POST https://api.telegram.org/bot8482672276:AAGrRCLBwsC6qJCXIozP0GESRyeKGKoCMzk/getUpdates "HTTP/1.1 200 OK"
2025-11-16 12:32:14,976 - httpx - INFO - HTTP Request: POST https://api.telegram.org/bot8482672276:AAGrRCLBwsC6qJCXIozP0GESRyeKGKoCMzk/getUpdates "HTTP/1.1 200 OK"
2025-11-16 12:32:25,062 - httpx - INFO - HTTP Request: POST https://api.telegram.org/bot8482672276:AAGrRCLBwsC6qJCXIozP0GESRyeKGKoCMzk/getUpdates "HTTP/1.1 200 OK"
2025-11-16 12:32:35,146 - httpx - INFO - HTTP Request: POST https://api.telegram.org/bot8482672276:AAGrRCLBwsC6qJCXIozP0GESRyeKGKoCMzk/getUpdates "HTTP/1.1 200 OK"
2025-11-16 12:32:45,231 - httpx - INFO - HTTP Request: POST https://api.telegram.org/bot8482672276:AAGrRCLBwsC6qJCXIozP0GESRyeKGKoCMzk/getUpdates "HTTP/1.1 200 OK"
2025-11-16 12:32:55,316 - httpx - INFO - HTTP Request: POST https://api.telegram.org/bot8482672276:AAGrRCLBwsC6qJCXIozP0GESRyeKGKoCMzk/getUpdates "HTTP/1.1 200 OK"
2025-11-16 12:33:05,401 - httpx - INFO - HTTP Request: POST https://api.telegram.org/bot8482672276:AAGrRCLBwsC6qJCXIozP0GESRyeKGKoCMzk/getUpdates "HTTP/1.1 200 OK"
2025-11-16 12:33:15,487 - httpx - INFO - HTTP Request: POST https://api.telegram.org/bot8482672276:AAGrRCLBwsC6qJCXIozP0GESRyeKGKoCMzk/getUpdates "HTTP/1.1 200 OK"
2025-11-16 12:33:25,572 - httpx - INFO - HTTP Request: POST https://api.telegram.org/bot8482672276:AAGrRCLBwsC6qJCXIozP0GESRyeKGKoCMzk/getUpdates "HTTP/1.1 200 OK"
2025-11-16 12:33:35,656 - httpx - INFO - HTTP Request: POST https://api.telegram.org/bot8482672276:AAGrRCLBwsC6qJCXIozP0GESRyeKGKoCMzk/getUpdates "HTTP/1.1 200 OK"
2025-11-16 12:33:45,740 - httpx - INFO - HTTP Request: POST https://api.telegram.org/bot8482672276:AAGrRCLBwsC6qJCXIozP0GESRyeKGKoCMzk/getUpdates "HTTP/1.1 200 OK"
2025-11-16 12:33:55,825 - httpx - INFO - HTTP Request: POST https://api.telegram.org/bot8482672276:AAGrRCLBwsC6qJCXIozP0GESRyeKGKoCMzk/getUpdates "HTTP/1.1 200 OK"
2025-11-16 12:34:05,923 - httpx - INFO - HTTP Request: POST https://api.telegram.org/bot8482672276:AAGrRCLBwsC6qJCXIozP0GESRyeKGKoCMzk/getUpdates "HTTP/1.1 200 OK"
2025-11-16 12:34:16,010 - httpx - INFO - HTTP Request: POST https://api.telegram.org/bot8482672276:AAGrRCLBwsC6qJCXIozP0GESRyeKGKoCMzk/getUpdates "HTTP/1.1 200 OK"
2025-11-16 12:34:26,095 - httpx - INFO - HTTP Request: POST https://api.telegram.org/bot8482672276:AAGrRCLBwsC6qJCXIozP0GESRyeKGKoCMzk/getUpdates "HTTP/1.1 200 OK"
2025-11-16 12:34:36,180 - httpx - INFO - HTTP Request: POST https://api.telegram.org/bot8482672276:AAGrRCLBwsC6qJCXIozP0GESRyeKGKoCMzk/getUpdates "HTTP/1.1 200 OK"
2025-11-16 12:34:46,266 - httpx - INFO - HTTP Request: POST https://api.telegram.org/bot8482672276:AAGrRCLBwsC6qJCXIozP0GESRyeKGKoCMzk/getUpdates "HTTP/1.1 200 OK"
2025-11-16 12:34:56,351 - httpx - INFO - HTTP Request: POST https://api.telegram.org/bot8482672276:AAGrRCLBwsC6qJCXIozP0GESRyeKGKoCMzk/getUpdates "HTTP/1.1 200 OK"
2025-11-16 12:35:06,436 - httpx - INFO - HTTP Request: POST https://api.telegram.org/bot8482672276:AAGrRCLBwsC6qJCXIozP0GESRyeKGKoCMzk/getUpdates "HTTP/1.1 200 OK"
2025-11-16 12:35:16,522 - httpx - INFO - HTTP Request: POST https://api.telegram.org/bot8482672276:AAGrRCLBwsC6qJCXIozP0GESRyeKGKoCMzk/getUpdates "HTTP/1.1 200 OK"
2025-11-16 12:35:26,606 - httpx - INFO - HTTP Request: POST https://api.telegram.org/bot8482672276:AAGrRCLBwsC6qJCXIozP0GESRyeKGKoCMzk/getUpdates "HTTP/1.1 200 OK"
2025-11-16 12:35:36,697 - httpx - INFO - HTTP Request: POST https://api.telegram.org/bot8482672276:AAGrRCLBwsC6qJCXIozP0GESRyeKGKoCMzk/getUpdates "HTTP/1.1 200 OK"
2025-11-16 12:35:46,783 - httpx - INFO - HTTP Request: POST https://api.telegram.org/bot8482672276:AAGrRCLBwsC6qJCXIozP0GESRyeKGKoCMzk/getUpdates "HTTP/1.1 200 OK"
2025-11-16 12:35:56,868 - httpx - INFO - HTTP Request: POST https://api.telegram.org/bot8482672276:AAGrRCLBwsC6qJCXIozP0GESRyeKGKoCMzk/getUpdates "HTTP/1.1 200 OK"
2025-11-16 12:36:06,955 - httpx - INFO - HTTP Request: POST https://api.telegram.org/bot8482672276:AAGrRCLBwsC6qJCXIozP0GESRyeKGKoCMzk/getUpdates "HTTP/1.1 200 OK"
2025-11-16 12:36:17,040 - httpx - INFO - HTTP Request: POST https://api.telegram.org/bot8482672276:AAGrRCLBwsC6qJCXIozP0GESRyeKGKoCMzk/getUpdates "HTTP/1.1 200 OK"
2025-11-16 12:36:27,124 - httpx - INFO - HTTP Request: POST https://api.telegram.org/bot8482672276:AAGrRCLBwsC6qJCXIozP0GESRyeKGKoCMzk/getUpdates "HTTP/1.1 200 OK"
2025-11-16 12:36:37,224 - httpx - INFO - HTTP Request: POST https://api.telegram.org/bot8482672276:AAGrRCLBwsC6qJCXIozP0GESRyeKGKoCMzk/getUpdates "HTTP/1.1 200 OK"
2025-11-16 12:36:47,310 - httpx - INFO - HTTP Request: POST https://api.telegram.org/bot8482672276:AAGrRCLBwsC6qJCXIozP0GESRyeKGKoCMzk/getUpdates "HTTP/1.1 200 OK"
2025-11-16 12:36:57,395 - httpx - INFO - HTTP Request: POST https://api.telegram.org/bot8482672276:AAGrRCLBwsC6qJCXIozP0GESRyeKGKoCMzk/getUpdates "HTTP/1.1 200 OK"
2025-11-16 12:37:07,480 - httpx - INFO - HTTP Request: POST https://api.telegram.org/bot8482672276:AAGrRCLBwsC6qJCXIozP0GESRyeKGKoCMzk/getUpdates "HTTP/1.1 200 OK"
2025-11-16 12:37:17,567 - httpx - INFO - HTTP Request: POST https://api.telegram.org/bot8482672276:AAGrRCLBwsC6qJCXIozP0GESRyeKGKoCMzk/getUpdates "HTTP/1.1 200 OK"
2025-11-16 12:37:27,653 - httpx - INFO - HTTP Request: POST https://api.telegram.org/bot8482672276:AAGrRCLBwsC6qJCXIozP0GESRyeKGKoCMzk/getUpdates "HTTP/1.1 200 OK"
2025-11-16 12:37:37,739 - httpx - INFO - HTTP Request: POST https://api.telegram.org/bot8482672276:AAGrRCLBwsC6qJCXIozP0GESRyeKGKoCMzk/getUpdates "HTTP/1.1 200 OK"
2025-11-16 12:37:47,823 - httpx - INFO - HTTP Request: POST https://api.telegram.org/bot8482672276:AAGrRCLBwsC6qJCXIozP0GESRyeKGKoCMzk/getUpdates "HTTP/1.1 200 OK"
2025-11-16 12:37:57,908 - httpx - INFO - HTTP Request: POST https://api.telegram.org/bot8482672276:AAGrRCLBwsC6qJCXIozP0GESRyeKGKoCMzk/getUpdates "HTTP/1.1 200 OK"
2025-11-16 12:38:07,993 - httpx - INFO - HTTP Request: POST https://api.telegram.org/bot8482672276:AAGrRCLBwsC6qJCXIozP0GESRyeKGKoCMzk/getUpdates "HTTP/1.1 200 OK"
2025-11-16 12:38:18,078 - httpx - INFO - HTTP Request: POST https://api.telegram.org/bot8482672276:AAGrRCLBwsC6qJCXIozP0GESRyeKGKoCMzk/getUpdates "HTTP/1.1 200 OK"
2025-11-16 12:38:28,164 - httpx - INFO - HTTP Request: POST https://api.telegram.org/bot8482672276:AAGrRCLBwsC6qJCXIozP0GESRyeKGKoCMzk/getUpdates "HTTP/1.1 200 OK"
2025-11-16 12:38:38,248 - httpx - INFO - HTTP Request: POST https://api.telegram.org/bot8482672276:AAGrRCLBwsC6qJCXIozP0GESRyeKGKoCMzk/getUpdates "HTTP/1.1 200 OK"
2025-11-16 12:38:48,333 - httpx - INFO - HTTP Request: POST https://api.telegram.org/bot8482672276:AAGrRCLBwsC6qJCXIozP0GESRyeKGKoCMzk/getUpdates "HTTP/1.1 200 OK"
2025-11-16 12:38:58,418 - httpx - INFO - HTTP Request: POST https://api.telegram.org/bot8482672276:AAGrRCLBwsC6qJCXIozP0GESRyeKGKoCMzk/getUpdates "HTTP/1.1 200 OK"
2025-11-16 12:39:08,502 - httpx - INFO - HTTP Request: POST https://api.telegram.org/bot8482672276:AAGrRCLBwsC6qJCXIozP0GESRyeKGKoCMzk/getUpdates "HTTP/1.1 200 OK"
2025-11-16 12:39:18,586 - httpx - INFO - HTTP Request: POST https://api.telegram.org/bot8482672276:AAGrRCLBwsC6qJCXIozP0GESRyeKGKoCMzk/getUpdates "HTTP/1.1 200 OK"
2025-11-16 12:39:28,681 - httpx - INFO - HTTP Request: POST https://api.telegram.org/bot8482672276:AAGrRCLBwsC6qJCXIozP0GESRyeKGKoCMzk/getUpdates "HTTP/1.1 200 OK"
2025-11-16 12:39:38,795 - httpx - INFO - HTTP Request: POST https://api.telegram.org/bot8482672276:AAGrRCLBwsC6qJCXIozP0GESRyeKGKoCMzk/getUpdates "HTTP/1.1 200 OK"
2025-11-16 12:39:48,879 - httpx - INFO - HTTP Request: POST https://api.telegram.org/bot8482672276:AAGrRCLBwsC6qJCXIozP0GESRyeKGKoCMzk/getUpdates "HTTP/1.1 200 OK"
2025-11-16 12:39:58,964 - httpx - INFO - HTTP Request: POST https://api.telegram.org/bot8482672276:AAGrRCLBwsC6qJCXIozP0GESRyeKGKoCMzk/getUpdates "HTTP/1.1 200 OK"
2025-11-16 12:40:09,048 - httpx - INFO - HTTP Request: POST https://api.telegram.org/bot8482672276:AAGrRCLBwsC6qJCXIozP0GESRyeKGKoCMzk/getUpdates "HTTP/1.1 200 OK"
2025-11-16 12:40:19,135 - httpx - INFO - HTTP Request: POST https://api.telegram.org/bot8482672276:AAGrRCLBwsC6qJCXIozP0GESRyeKGKoCMzk/getUpdates "HTTP/1.1 200 OK"
2025-11-16 12:40:29,220 - httpx - INFO - HTTP Request: POST https://api.telegram.org/bot8482672276:AAGrRCLBwsC6qJCXIozP0GESRyeKGKoCMzk/getUpdates "HTTP/1.1 200 OK"
2025-11-16 12:40:39,305 - httpx - INFO - HTTP Request: POST https://api.telegram.org/bot8482672276:AAGrRCLBwsC6qJCXIozP0GESRyeKGKoCMzk/getUpdates "HTTP/1.1 200 OK"
2025-11-16 12:40:49,391 - httpx - INFO - HTTP Request: POST https://api.telegram.org/bot8482672276:AAGrRCLBwsC6qJCXIozP0GESRyeKGKoCMzk/getUpdates "HTTP/1.1 200 OK"
2025-11-16 12:40:59,476 - httpx - INFO - HTTP Request: POST https://api.telegram.org/bot8482672276:AAGrRCLBwsC6qJCXIozP0GESRyeKGKoCMzk/getUpdates "HTTP/1.1 200 OK"
2025-11-16 12:41:09,563 - httpx - INFO - HTTP Request: POST https://api.telegram.org/bot8482672276:AAGrRCLBwsC6qJCXIozP0GESRyeKGKoCMzk/getUpdates "HTTP/1.1 200 OK"
2025-11-16 12:41:19,658 - httpx - INFO - HTTP Request: POST https://api.telegram.org/bot8482672276:AAGrRCLBwsC6qJCXIozP0GESRyeKGKoCMzk/getUpdates "HTTP/1.1 200 OK"
2025-11-16 12:41:29,743 - httpx - INFO - HTTP Request: POST https://api.telegram.org/bot8482672276:AAGrRCLBwsC6qJCXIozP0GESRyeKGKoCMzk/getUpdates "HTTP/1.1 200 OK"
2025-11-16 12:41:39,828 - httpx - INFO - HTTP Request: POST https://api.telegram.org/bot8482672276:AAGrRCLBwsC6qJCXIozP0GESRyeKGKoCMzk/getUpdates "HTTP/1.1 200 OK"
2025-11-16 12:41:49,914 - httpx - INFO - HTTP Request: POST https://api.telegram.org/bot8482672276:AAGrRCLBwsC6qJCXIozP0GESRyeKGKoCMzk/getUpdates "HTTP/1.1 200 OK"
2025-11-16 12:42:00,000 - httpx - INFO - HTTP Request: POST https://api.telegram.org/bot8482672276:AAGrRCLBwsC6qJCXIozP0GESRyeKGKoCMzk/getUpdates "HTTP/1.1 200 OK"
2025-11-16 12:42:10,107 - httpx - INFO - HTTP Request: POST https://api.telegram.org/bot8482672276:AAGrRCLBwsC6qJCXIozP0GESRyeKGKoCMzk/getUpdates "HTTP/1.1 200 OK"
2025-11-16 12:42:20,191 - httpx - INFO - HTTP Request: POST https://api.telegram.org/bot8482672276:AAGrRCLBwsC6qJCXIozP0GESRyeKGKoCMzk/getUpdates "HTTP/1.1 200 OK"
2025-11-16 12:42:30,277 - httpx - INFO - HTTP Request: POST https://api.telegram.org/bot8482672276:AAGrRCLBwsC6qJCXIozP0GESRyeKGKoCMzk/getUpdates "HTTP/1.1 200 OK"
2025-11-16 12:42:40,365 - httpx - INFO - HTTP Request: POST https://api.telegram.org/bot8482672276:AAGrRCLBwsC6qJCXIozP0GESRyeKGKoCMzk/getUpdates "HTTP/1.1 200 OK"
2025-11-16 12:42:50,452 - httpx - INFO - HTTP Request: POST https://api.telegram.org/bot8482672276:AAGrRCLBwsC6qJCXIozP0GESRyeKGKoCMzk/getUpdates "HTTP/1.1 200 OK"
2025-11-16 12:43:00,537 - httpx - INFO - HTTP Request: POST https://api.telegram.org/bot8482672276:AAGrRCLBwsC6qJCXIozP0GESRyeKGKoCMzk/getUpdates "HTTP/1.1 200 OK"
2025-11-16 12:43:10,623 - httpx - INFO - HTTP Request: POST https://api.telegram.org/bot8482672276:AAGrRCLBwsC6qJCXIozP0GESRyeKGKoCMzk/getUpdates "HTTP/1.1 200 OK"
2025-11-16 12:43:20,712 - httpx - INFO - HTTP Request: POST https://api.telegram.org/bot8482672276:AAGrRCLBwsC6qJCXIozP0GESRyeKGKoCMzk/getUpdates "HTTP/1.1 200 OK"
2025-11-16 12:43:30,797 - httpx - INFO - HTTP Request: POST https://api.telegram.org/bot8482672276:AAGrRCLBwsC6qJCXIozP0GESRyeKGKoCMzk/getUpdates "HTTP/1.1 200 OK"
2025-11-16 12:43:40,882 - httpx - INFO - HTTP Request: POST https://api.telegram.org/bot8482672276:AAGrRCLBwsC6qJCXIozP0GESRyeKGKoCMzk/getUpdates "HTTP/1.1 200 OK"
2025-11-16 12:43:50,971 - httpx - INFO - HTTP Request: POST https://api.telegram.org/bot8482672276:AAGrRCLBwsC6qJCXIozP0GESRyeKGKoCMzk/getUpdates "HTTP/1.1 200 OK"
2025-11-16 12:44:01,057 - httpx - INFO - HTTP Request: POST https://api.telegram.org/bot8482672276:AAGrRCLBwsC6qJCXIozP0GESRyeKGKoCMzk/getUpdates "HTTP/1.1 200 OK"
2025-11-16 12:44:11,141 - httpx - INFO - HTTP Request: POST https://api.telegram.org/bot8482672276:AAGrRCLBwsC6qJCXIozP0GESRyeKGKoCMzk/getUpdates "HTTP/1.1 200 OK"
2025-11-16 12:44:21,228 - httpx - INFO - HTTP Request: POST https://api.telegram.org/bot8482672276:AAGrRCLBwsC6qJCXIozP0GESRyeKGKoCMzk/getUpdates "HTTP/1.1 200 OK"
2025-11-16 12:44:31,313 - httpx - INFO - HTTP Request: POST https://api.telegram.org/bot8482672276:AAGrRCLBwsC6qJCXIozP0GESRyeKGKoCMzk/getUpdates "HTTP/1.1 200 OK"
2025-11-16 12:44:41,398 - httpx - INFO - HTTP Request: POST https://api.telegram.org/bot8482672276:AAGrRCLBwsC6qJCXIozP0GESRyeKGKoCMzk/getUpdates "HTTP/1.1 200 OK"
2025-11-16 12:44:51,483 - httpx - INFO - HTTP Request: POST https://api.telegram.org/bot8482672276:AAGrRCLBwsC6qJCXIozP0GESRyeKGKoCMzk/getUpdates "HTTP/1.1 200 OK"
2025-11-16 12:45:01,569 - httpx - INFO - HTTP Request: POST https://api.telegram.org/bot8482672276:AAGrRCLBwsC6qJCXIozP0GESRyeKGKoCMzk/getUpdates "HTTP/1.1 200 OK"
2025-11-16 12:45:11,657 - httpx - INFO - HTTP Request: POST https://api.telegram.org/bot8482672276:AAGrRCLBwsC6qJCXIozP0GESRyeKGKoCMzk/getUpdates "HTTP/1.1 200 OK"
2025-11-16 12:45:21,742 - httpx - INFO - HTTP Request: POST https://api.telegram.org/bot8482672276:AAGrRCLBwsC6qJCXIozP0GESRyeKGKoCMzk/getUpdates "HTTP/1.1 200 OK"
2025-11-16 12:45:31,829 - httpx - INFO - HTTP Request: POST https://api.telegram.org/bot8482672276:AAGrRCLBwsC6qJCXIozP0GESRyeKGKoCMzk/getUpdates "HTTP/1.1 200 OK"
2025-11-16 12:45:41,914 - httpx - INFO - HTTP Request: POST https://api.telegram.org/bot8482672276:AAGrRCLBwsC6qJCXIozP0GESRyeKGKoCMzk/getUpdates "HTTP/1.1 200 OK"
2025-11-16 12:45:52,000 - httpx - INFO - HTTP Request: POST https://api.telegram.org/bot8482672276:AAGrRCLBwsC6qJCXIozP0GESRyeKGKoCMzk/getUpdates "HTTP/1.1 200 OK"
2025-11-16 12:46:02,092 - httpx - INFO - HTTP Request: POST https://api.telegram.org/bot8482672276:AAGrRCLBwsC6qJCXIozP0GESRyeKGKoCMzk/getUpdates "HTTP/1.1 200 OK"
2025-11-16 12:46:12,179 - httpx - INFO - HTTP Request: POST https://api.telegram.org/bot8482672276:AAGrRCLBwsC6qJCXIozP0GESRyeKGKoCMzk/getUpdates "HTTP/1.1 200 OK"
2025-11-16 12:46:22,263 - httpx - INFO - HTTP Request: POST https://api.telegram.org/bot8482672276:AAGrRCLBwsC6qJCXIozP0GESRyeKGKoCMzk/getUpdates "HTTP/1.1 200 OK"
2025-11-16 12:46:32,348 - httpx - INFO - HTTP Request: POST https://api.telegram.org/bot8482672276:AAGrRCLBwsC6qJCXIozP0GESRyeKGKoCMzk/getUpdates "HTTP/1.1 200 OK"
2025-11-16 12:46:42,433 - httpx - INFO - HTTP Request: POST https://api.telegram.org/bot8482672276:AAGrRCLBwsC6qJCXIozP0GESRyeKGKoCMzk/getUpdates "HTTP/1.1 200 OK"
2025-11-16 12:46:52,518 - httpx - INFO - HTTP Request: POST https://api.telegram.org/bot8482672276:AAGrRCLBwsC6qJCXIozP0GESRyeKGKoCMzk/getUpdates "HTTP/1.1 200 OK"
2025-11-16 12:47:02,605 - httpx - INFO - HTTP Request: POST https://api.telegram.org/bot8482672276:AAGrRCLBwsC6qJCXIozP0GESRyeKGKoCMzk/getUpdates "HTTP/1.1 200 OK"
2025-11-16 12:47:12,690 - httpx - INFO - HTTP Request: POST https://api.telegram.org/bot8482672276:AAGrRCLBwsC6qJCXIozP0GESRyeKGKoCMzk/getUpdates "HTTP/1.1 200 OK"
2025-11-16 12:47:22,776 - httpx - INFO - HTTP Request: POST https://api.telegram.org/bot8482672276:AAGrRCLBwsC6qJCXIozP0GESRyeKGKoCMzk/getUpdates "HTTP/1.1 200 OK"
2025-11-16 12:47:32,862 - httpx - INFO - HTTP Request: POST https://api.telegram.org/bot8482672276:AAGrRCLBwsC6qJCXIozP0GESRyeKGKoCMzk/getUpdates "HTTP/1.1 200 OK"
2025-11-16 12:47:42,947 - httpx - INFO - HTTP Request: POST https://api.telegram.org/bot8482672276:AAGrRCLBwsC6qJCXIozP0GESRyeKGKoCMzk/getUpdates "HTTP/1.1 200 OK"
2025-11-16 12:47:53,032 - httpx - INFO - HTTP Request: POST https://api.telegram.org/bot8482672276:AAGrRCLBwsC6qJCXIozP0GESRyeKGKoCMzk/getUpdates "HTTP/1.1 200 OK"
2025-11-16 12:48:03,118 - httpx - INFO - HTTP Request: POST https://api.telegram.org/bot8482672276:AAGrRCLBwsC6qJCXIozP0GESRyeKGKoCMzk/getUpdates "HTTP/1.1 200 OK"
2025-11-16 12:48:13,208 - httpx - INFO - HTTP Request: POST https://api.telegram.org/bot8482672276:AAGrRCLBwsC6qJCXIozP0GESRyeKGKoCMzk/getUpdates "HTTP/1.1 200 OK"
2025-11-16 12:48:23,294 - httpx - INFO - HTTP Request: POST https://api.telegram.org/bot8482672276:AAGrRCLBwsC6qJCXIozP0GESRyeKGKoCMzk/getUpdates "HTTP/1.1 200 OK"
2025-11-16 12:48:33,379 - httpx - INFO - HTTP Request: POST https://api.telegram.org/bot8482672276:AAGrRCLBwsC6qJCXIozP0GESRyeKGKoCMzk/getUpdates "HTTP/1.1 200 OK"
2025-11-16 12:48:43,471 - httpx - INFO - HTTP Request: POST https://api.telegram.org/bot8482672276:AAGrRCLBwsC6qJCXIozP0GESRyeKGKoCMzk/getUpdates "HTTP/1.1 200 OK"
2025-11-16 12:48:53,716 - httpx - INFO - HTTP Request: POST https://api.telegram.org/bot8482672276:AAGrRCLBwsC6qJCXIozP0GESRyeKGKoCMzk/getUpdates "HTTP/1.1 200 OK"
2025-11-16 12:49:03,800 - httpx - INFO - HTTP Request: POST https://api.telegram.org/bot8482672276:AAGrRCLBwsC6qJCXIozP0GESRyeKGKoCMzk/getUpdates "HTTP/1.1 200 OK"
2025-11-16 12:49:13,886 - httpx - INFO - HTTP Request: POST https://api.telegram.org/bot8482672276:AAGrRCLBwsC6qJCXIozP0GESRyeKGKoCMzk/getUpdates "HTTP/1.1 200 OK"
2025-11-16 12:49:23,968 - httpx - INFO - HTTP Request: POST https://api.telegram.org/bot8482672276:AAGrRCLBwsC6qJCXIozP0GESRyeKGKoCMzk/getUpdates "HTTP/1.1 200 OK"
2025-11-16 12:49:34,050 - httpx - INFO - HTTP Request: POST https://api.telegram.org/bot8482672276:AAGrRCLBwsC6qJCXIozP0GESRyeKGKoCMzk/getUpdates "HTTP/1.1 200 OK"
2025-11-16 12:49:44,131 - httpx - INFO - HTTP Request: POST https://api.telegram.org/bot8482672276:AAGrRCLBwsC6qJCXIozP0GESRyeKGKoCMzk/getUpdates "HTTP/1.1 200 OK"
2025-11-16 12:49:54,212 - httpx - INFO - HTTP Request: POST https://api.telegram.org/bot8482672276:AAGrRCLBwsC6qJCXIozP0GESRyeKGKoCMzk/getUpdates "HTTP/1.1 200 OK"
2025-11-16 12:50:04,294 - httpx - INFO - HTTP Request: POST https://api.telegram.org/bot8482672276:AAGrRCLBwsC6qJCXIozP0GESRyeKGKoCMzk/getUpdates "HTTP/1.1 200 OK"
2025-11-16 12:50:14,377 - httpx - INFO - HTTP Request: POST https://api.telegram.org/bot8482672276:AAGrRCLBwsC6qJCXIozP0GESRyeKGKoCMzk/getUpdates "HTTP/1.1 200 OK"
2025-11-16 12:50:24,464 - httpx - INFO - HTTP Request: POST https://api.telegram.org/bot8482672276:AAGrRCLBwsC6qJCXIozP0GESRyeKGKoCMzk/getUpdates "HTTP/1.1 200 OK"
2025-11-16 12:50:34,545 - httpx - INFO - HTTP Request: POST https://api.telegram.org/bot8482672276:AAGrRCLBwsC6qJCXIozP0GESRyeKGKoCMzk/getUpdates "HTTP/1.1 200 OK"
2025-11-16 12:50:44,627 - httpx - INFO - HTTP Request: POST https://api.telegram.org/bot8482672276:AAGrRCLBwsC6qJCXIozP0GESRyeKGKoCMzk/getUpdates "HTTP/1.1 200 OK"
2025-11-16 12:50:54,707 - httpx - INFO - HTTP Request: POST https://api.telegram.org/bot8482672276:AAGrRCLBwsC6qJCXIozP0GESRyeKGKoCMzk/getUpdates "HTTP/1.1 200 OK"
2025-11-16 12:51:04,788 - httpx - INFO - HTTP Request: POST https://api.telegram.org/bot8482672276:AAGrRCLBwsC6qJCXIozP0GESRyeKGKoCMzk/getUpdates "HTTP/1.1 200 OK"
2025-11-16 12:51:14,870 - httpx - INFO - HTTP Request: POST https://api.telegram.org/bot8482672276:AAGrRCLBwsC6qJCXIozP0GESRyeKGKoCMzk/getUpdates "HTTP/1.1 200 OK"
2025-11-16 12:51:24,951 - httpx - INFO - HTTP Request: POST https://api.telegram.org/bot8482672276:AAGrRCLBwsC6qJCXIozP0GESRyeKGKoCMzk/getUpdates "HTTP/1.1 200 OK"
2025-11-16 12:51:35,033 - httpx - INFO - HTTP Request: POST https://api.telegram.org/bot8482672276:AAGrRCLBwsC6qJCXIozP0GESRyeKGKoCMzk/getUpdates "HTTP/1.1 200 OK"
